f:\vs2013 code\projectgame2\project game 2\debug\project game 2.pch
f:\vs2013 code\projectgame2\project game 2\debug\vc120.pdb
f:\vs2013 code\projectgame2\project game 2\debug\vc120.idb
f:\vs2013 code\projectgame2\project game 2\debug\stdafx.obj
f:\vs2013 code\projectgame2\project game 2\debug\baseobject.obj
f:\vs2013 code\projectgame2\project game 2\debug\bulletobject.obj
f:\vs2013 code\projectgame2\project game 2\debug\commonfunc.obj
f:\vs2013 code\projectgame2\project game 2\debug\explosionobject.obj
f:\vs2013 code\projectgame2\project game 2\debug\game_map.obj
f:\vs2013 code\projectgame2\project game 2\debug\imgtimer.obj
f:\vs2013 code\projectgame2\project game 2\debug\main.obj
f:\vs2013 code\projectgame2\project game 2\debug\mainobject.obj
f:\vs2013 code\projectgame2\project game 2\debug\threatsobject.obj
f:\vs2013 code\projectgame2\project game 2\debug\textobject.obj
f:\vs2013 code\projectgame2\project game 2\debug\geometric.obj
f:\vs2013 code\projectgame2\project game 2\debug\mainpower.obj
f:\vs2013 code\projectgame2\project game 2\debug\bossobject.obj
f:\vs2013 code\projectgame2\debug\project game 2.ilk
f:\vs2013 code\projectgame2\debug\project game 2.exe
f:\vs2013 code\projectgame2\debug\project game 2.pdb
f:\vs2013 code\projectgame2\project game 2\debug\project game 2.res
f:\vs2013 code\projectgame2\project game 2\debug\project game 2.tlog\cl.command.1.tlog
f:\vs2013 code\projectgame2\project game 2\debug\project game 2.tlog\cl.read.1.tlog
f:\vs2013 code\projectgame2\project game 2\debug\project game 2.tlog\cl.write.1.tlog
f:\vs2013 code\projectgame2\project game 2\debug\project game 2.tlog\link.command.1.tlog
f:\vs2013 code\projectgame2\project game 2\debug\project game 2.tlog\link.read.1.tlog
f:\vs2013 code\projectgame2\project game 2\debug\project game 2.tlog\link.write.1.tlog
f:\vs2013 code\projectgame2\project game 2\debug\project game 2.tlog\rc.command.1.tlog
f:\vs2013 code\projectgame2\project game 2\debug\project game 2.tlog\rc.read.1.tlog
f:\vs2013 code\projectgame2\project game 2\debug\project game 2.tlog\rc.write.1.tlog
